#
# A fatal error has been detected by the Java Runtime Environment:
#
#  EXCEPTION_ACCESS_VIOLATION (0xc0000005) at pc=0x000001a7d0851066, pid=7368, tid=11196
#
# JRE version: Java(TM) SE Runtime Environment (15.0.1+9) (build 15.0.1+9-18)
# Java VM: Java HotSpot(TM) 64-Bit Server VM (15.0.1+9-18, mixed mode, sharing, tiered, compressed oops, g1 gc, windows-amd64)
# Problematic frame:
# C  [OpenAL64.dll+0x11066]
#
# No core dump will be written. Minidumps are not enabled by default on client versions of Windows
#
# If you would like to submit a bug report, please visit:
#   https://bugreport.java.com/bugreport/crash.jsp
# The crash happened outside the Java Virtual Machine in native code.
# See problematic frame for where to report the bug.
#

---------------  S U M M A R Y ------------

Command Line: -Djava.library.path=C:\Users\Bulut\Desktop\Projekt Spieleentwickung\windows -javaagent:C:\Program Files\JetBrains\IntelliJ IDEA 2020.3.2\lib\idea_rt.jar=65440:C:\Program Files\JetBrains\IntelliJ IDEA 2020.3.2\bin -Dfile.encoding=UTF-8 de.tgirobertosan.suiweed.Main

Host: Intel(R) Core(TM) i5-6300U CPU @ 2.40GHz, 4 cores, 7G,  Windows 10 , 64 bit Build 19041 (10.0.19041.804)
Time: Thu Mar  4 15:14:18 2021 Mitteleuropäische Zeit elapsed time: 1.649928 seconds (0d 0h 0m 1s)

---------------  T H R E A D  ---------------

Current thread (0x000001a7a8272210):  JavaThread "main" [_thread_in_native, id=11196, stack(0x00000059f0200000,0x00000059f0300000)]

Stack: [0x00000059f0200000,0x00000059f0300000],  sp=0x00000059f02fe930,  free space=1018k
Native frames: (J=compiled Java code, j=interpreted, Vv=VM code, C=native code)
C  [OpenAL64.dll+0x11066]

Java frames: (J=compiled Java code, j=interpreted, Vv=VM code)
j  org.lwjgl.openal.ALC10.nalcCreateContext(JJ)J+0
j  org.lwjgl.openal.ALC10.alcCreateContext(Lorg/lwjgl/openal/ALCdevice;Ljava/nio/IntBuffer;)Lorg/lwjgl/openal/ALCcontext;+8
j  org.lwjgl.openal.AL.init(Ljava/lang/String;IIZZ)V+69
j  org.lwjgl.openal.AL.create(Ljava/lang/String;IIZZ)V+246
j  org.lwjgl.openal.AL.create(Ljava/lang/String;IIZ)V+5
j  org.lwjgl.openal.AL.create()V+6
j  org.newdawn.slick.openal.SoundStore$1.run()Ljava/lang/Object;+0
j  java.security.AccessController.executePrivileged(Ljava/security/PrivilegedAction;Ljava/security/AccessControlContext;Ljava/lang/Class;)Ljava/lang/Object;+29 java.base@15.0.1
j  java.security.AccessController.doPrivileged(Ljava/security/PrivilegedAction;)Ljava/lang/Object;+5 java.base@15.0.1
j  org.newdawn.slick.openal.SoundStore.init()V+26
j  org.newdawn.slick.Music.<init>(Ljava/lang/String;Z)V+29
j  org.newdawn.slick.Music.<init>(Ljava/lang/String;)V+3
j  de.tgirobertosan.suiweed.spielwelt.Spielwelt.<init>(Ljava/lang/String;)V+12
j  de.tgirobertosan.suiweed.SpielState.init(Lorg/newdawn/slick/GameContainer;Lorg/newdawn/slick/state/StateBasedGame;)V+34
j  org.newdawn.slick.state.StateBasedGame.init(Lorg/newdawn/slick/GameContainer;)V+39
j  org.newdawn.slick.AppGameContainer.setup()V+167
j  org.newdawn.slick.AppGameContainer.start()V+1
j  de.tgirobertosan.suiweed.Kontrolle.spielErstellen()V+41
j  de.tgirobertosan.suiweed.Main.main([Ljava/lang/String;)V+11
v  ~StubRoutines::call_stub

siginfo: EXCEPTION_ACCESS_VIOLATION (0xc0000005), reading address 0x000001a7c8665004


Register to memory mapping:

RIP=0x000001a7d0851066 OpenAL64.dll
RAX=0x0000000000000004 is an unknown value
RBX=0x000001a7d0980090 points into unknown readable memory: 0x0000000100000002 | 02 00 00 00 01 00 00 00
RCX=0x000001a7c8665008 is an unknown value
RDX=0x000001a7c8665004 is an unknown value
RSP=0x00000059f02fe930 is pointing into the stack for thread: 0x000001a7a8272210
RBP=0x00000000000000ff is an unknown value
RSI=0x000001a7c8664f4c points into unknown readable memory: a7 01 00 00
RDI=0x0 is NULL
R8 =0x000000000000002e is an unknown value
R9 =0x000001a7c8664f4c points into unknown readable memory: a7 01 00 00
R10=0x000001a7b04bf148 is at code_begin+1000 in an Interpreter codelet
method entry point (kind = native)  [0x000001a7b04bed60, 0x000001a7b04bf7e0]  2688 bytes
R11=0x00000000890577a0 is an oop: java.lang.Class 
{0x00000000890577a0} - klass: 'java/lang/Class'
R12=0x0000000000000001 is an unknown value
R13={method} {0x000001a7c6b82638} 'nalcCreateContext' '(JJ)J' in 'org/lwjgl/openal/ALC10'
R14=0x00000059f02fead0 is pointing into the stack for thread: 0x000001a7a8272210
R15=0x000001a7a8272210 is a thread


Registers:
RAX=0x0000000000000004, RBX=0x000001a7d0980090, RCX=0x000001a7c8665008, RDX=0x000001a7c8665004
RSP=0x00000059f02fe930, RBP=0x00000000000000ff, RSI=0x000001a7c8664f4c, RDI=0x0000000000000000
R8 =0x000000000000002e, R9 =0x000001a7c8664f4c, R10=0x000001a7b04bf148, R11=0x00000000890577a0
R12=0x0000000000000001, R13=0x000001a7c6b82630, R14=0x00000059f02fead0, R15=0x000001a7a8272210
RIP=0x000001a7d0851066, EFLAGS=0x0000000000010202

Top of Stack: (sp=0x00000059f02fe930)
0x00000059f02fe930:   000001a7c6b82630 000001a7a8272210
0x00000059f02fe940:   0000000200000004 000001a700000002
0x00000059f02fe950:   000001a7a82726f0 0000002800000003
0x00000059f02fe960:   000001a7a8272210 00000059f02fead0
0x00000059f02fe970:   0000000000000000 0000000000000010
0x00000059f02fe980:   0000000000000a56 000001a7c6b82630
0x00000059f02fe990:   00000059f02fea98 00007ffcfd2cc8a7
0x00000059f02fe9a0:   000001a7a8272210 00000059f02fead0
0x00000059f02fe9b0:   000001a7c6b82630 0000000000000000
0x00000059f02fe9c0:   000001a7c8664f4c 0000000000000a56
0x00000059f02fe9d0:   00000059f02fea98 000001a7d085248f
0x00000059f02fe9e0:   000001a7d0980090 000001a7d0980090
0x00000059f02fe9f0:   000001a70000ac44 0000000000000004
0x00000059f02fea00:   0000000000000010 000001a7b04bf177
0x00000059f02fea10:   000001a7c6b82630 000001a7b04bee5c
0x00000059f02fea20:   000001a7c6b82630 0000000000000a56 

Instructions: (pc=0x000001a7d0851066)
0x000001a7d0850f66:   b0 00 00 00 0f ba a3 fc 00 00 00 1f 44 89 9c 24
0x000001a7d0850f76:   b0 00 00 00 73 15 48 8b 83 f8 61 01 00 48 8b cb
0x000001a7d0850f86:   ff 50 20 44 8b 9c 24 b0 00 00 00 0f ba b3 fc 00
0x000001a7d0850f96:   00 00 1f 44 89 7b 38 44 89 6b 44 44 89 73 48 e9
0x000001a7d0850fa6:   56 01 00 00 83 3d 4f 94 04 00 02 0f 8c 8e fe ff
0x000001a7d0850fb6:   ff 4c 8d 05 a2 2c 03 00 e9 6f fe ff ff 48 3b d7
0x000001a7d0850fc6:   0f 84 3f 01 00 00 39 3a 0f 84 37 01 00 00 0f ba
0x000001a7d0850fd6:   a1 fc 00 00 00 1f 73 0a 48 8b 81 f8 61 01 00 ff
0x000001a7d0850fe6:   50 20 8b 43 38 0f ba b3 fc 00 00 00 1f 8b 6b 64
0x000001a7d0850ff6:   44 8b 63 68 89 84 24 c0 00 00 00 8b 43 6c 89 84
0x000001a7d0851006:   24 c8 00 00 00 4c 8b c7 39 3e 74 58 48 8b d6 48
0x000001a7d0851016:   8d 4e 04 81 3a 07 10 00 00 75 10 8b 01 83 8b fc
0x000001a7d0851026:   00 00 00 02 89 84 24 c0 00 00 00 81 3a 11 10 00
0x000001a7d0851036:   00 75 10 8b 6b 5c 44 8b 21 44 3b e5 44 0f 47 e5
0x000001a7d0851046:   41 2b ec 81 3a 03 00 02 00 75 09 8b 01 89 84 24
0x000001a7d0851056:   c8 00 00 00 49 83 c0 02 48 83 c1 08 4a 8d 14 86
0x000001a7d0851066:   39 3a 75 af 4c 8d 84 24 c0 00 00 00 48 8d 15 d7
0x000001a7d0851076:   2b 03 00 33 c9 e8 58 5f 00 00 b8 40 1f 00 00 4c
0x000001a7d0851086:   8d 84 24 c8 00 00 00 39 84 24 c0 00 00 00 48 8d
0x000001a7d0851096:   15 e9 2b 03 00 0f 47 84 24 c0 00 00 00 33 c9 89
0x000001a7d08510a6:   84 24 c0 00 00 00 e8 27 5f 00 00 8b 43 3c 44 8b
0x000001a7d08510b6:   84 24 c0 00 00 00 8b 4b 38 41 bb 04 00 00 00 44
0x000001a7d08510c6:   39 9c 24 c8 00 00 00 44 0f 42 9c 24 c8 00 00 00
0x000001a7d08510d6:   33 d2 44 89 9c 24 c8 00 00 00 49 0f af c0 48 f7
0x000001a7d08510e6:   f1 89 43 3c f6 05 43 b6 04 00 01 74 09 83 c0 03
0x000001a7d08510f6:   83 e0 fc 89 43 3c 44 89 43 38 44 89 5b 6c 44 89
0x000001a7d0851106:   63 68 89 6b 64 44 8b 9b fc 00 00 00 41 0f ba e3
0x000001a7d0851116:   1f 0f 82 6a 05 00 00 44 8b 6b 38 8b 6b 44 44 8b
0x000001a7d0851126:   63 48 41 bf 03 00 00 00 48 8d 35 5b 2b 03 00 4c
0x000001a7d0851136:   8d 35 80 dc 02 00 44 39 3d bd 92 04 00 0f 8c 81
0x000001a7d0851146:   00 00 00 4c 8d 15 88 28 03 00 4c 8d 35 f5 2a 03
0x000001a7d0851156:   00 41 f6 c3 02 4d 8b ca 41 8b cc 4d 0f 45 ce e8 


Stack slot to memory mapping:
stack at sp + 0 slots: {method} {0x000001a7c6b82638} 'nalcCreateContext' '(JJ)J' in 'org/lwjgl/openal/ALC10'
stack at sp + 1 slots: 0x000001a7a8272210 is a thread
stack at sp + 2 slots: 0x0000000200000004 is an unknown value
stack at sp + 3 slots: 0x000001a700000002 is an unknown value
stack at sp + 4 slots: 0x000001a7a82726f0 points into unknown readable memory: 0x6e616c2e6176616a | 6a 61 76 61 2e 6c 61 6e
stack at sp + 5 slots: 0x0000002800000003 is an unknown value
stack at sp + 6 slots: 0x000001a7a8272210 is a thread
stack at sp + 7 slots: 0x00000059f02fead0 is pointing into the stack for thread: 0x000001a7a8272210


---------------  P R O C E S S  ---------------

Threads class SMR info:
_java_thread_list=0x000001a7c865c650, length=13, elements={
0x000001a7a8272210, 0x000001a7c64efd10, 0x000001a7c64f08e0, 0x000001a7c65059a0,
0x000001a7c6508460, 0x000001a7c6509f20, 0x000001a7c650cd10, 0x000001a7c656c710,
0x000001a7c6eb3f60, 0x000001a7c6f493f0, 0x000001a7c6fc6cc0, 0x000001a7c70a6950,
0x000001a7c82af220
}

Java Threads: ( => current thread )
=>0x000001a7a8272210 JavaThread "main" [_thread_in_native, id=11196, stack(0x00000059f0200000,0x00000059f0300000)]
  0x000001a7c64efd10 JavaThread "Reference Handler" daemon [_thread_blocked, id=7696, stack(0x00000059f0900000,0x00000059f0a00000)]
  0x000001a7c64f08e0 JavaThread "Finalizer" daemon [_thread_blocked, id=2520, stack(0x00000059f0a00000,0x00000059f0b00000)]
  0x000001a7c65059a0 JavaThread "Signal Dispatcher" daemon [_thread_blocked, id=5080, stack(0x00000059f0b00000,0x00000059f0c00000)]
  0x000001a7c6508460 JavaThread "Attach Listener" daemon [_thread_blocked, id=11800, stack(0x00000059f0c00000,0x00000059f0d00000)]
  0x000001a7c6509f20 JavaThread "Service Thread" daemon [_thread_blocked, id=2328, stack(0x00000059f0d00000,0x00000059f0e00000)]
  0x000001a7c650cd10 JavaThread "C2 CompilerThread0" daemon [_thread_blocked, id=10608, stack(0x00000059f0e00000,0x00000059f0f00000)]
  0x000001a7c656c710 JavaThread "C1 CompilerThread0" daemon [_thread_blocked, id=10676, stack(0x00000059f0f00000,0x00000059f1000000)]
  0x000001a7c6eb3f60 JavaThread "Sweeper thread" daemon [_thread_blocked, id=9432, stack(0x00000059f1000000,0x00000059f1100000)]
  0x000001a7c6f493f0 JavaThread "Common-Cleaner" daemon [_thread_blocked, id=2204, stack(0x00000059f1100000,0x00000059f1200000)]
  0x000001a7c6fc6cc0 JavaThread "Monitor Ctrl-Break" daemon [_thread_in_native, id=2192, stack(0x00000059f1200000,0x00000059f1300000)]
  0x000001a7c70a6950 JavaThread "Notification Thread" daemon [_thread_blocked, id=7852, stack(0x00000059f1300000,0x00000059f1400000)]
  0x000001a7c82af220 JavaThread "Thread-2" daemon [_thread_in_native, id=13964, stack(0x00000059f1800000,0x00000059f1900000)]

Other Threads:
  0x000001a7c64e8070 VMThread "VM Thread" [stack: 0x00000059f0800000,0x00000059f0900000] [id=6072]
  0x000001a7c6faf6d0 WatcherThread [stack: 0x00000059f1400000,0x00000059f1500000] [id=10208]
  0x000001a7a82b16d0 GCTaskThread "GC Thread#0" [stack: 0x00000059f0300000,0x00000059f0400000] [id=1268]
  0x000001a7c89bc080 GCTaskThread "GC Thread#1" [stack: 0x00000059f1c00000,0x00000059f1d00000] [id=5448]
  0x000001a7c89bcd40 GCTaskThread "GC Thread#2" [stack: 0x00000059f1d00000,0x00000059f1e00000] [id=6488]
  0x000001a7a82c2760 ConcurrentGCThread "G1 Main Marker" [stack: 0x00000059f0400000,0x00000059f0500000] [id=2596]
  0x000001a7a82c33d0 ConcurrentGCThread "G1 Conc#0" [stack: 0x00000059f0500000,0x00000059f0600000] [id=7140]
  0x000001a7a833a920 ConcurrentGCThread "G1 Refine#0" [stack: 0x00000059f0600000,0x00000059f0700000] [id=2588]
  0x000001a7ce191580 ConcurrentGCThread "G1 Refine#1" [stack: 0x00000059f1e00000,0x00000059f1f00000] [id=11624]
  0x000001a7a833b520 ConcurrentGCThread "G1 Young RemSet Sampling" [stack: 0x00000059f0700000,0x00000059f0800000] [id=11652]

Threads with active compile tasks:

VM state: not at safepoint (normal execution)

VM Mutex/Monitor currently owned by a thread: None

Heap address: 0x0000000081200000, size: 2030 MB, Compressed Oops mode: 32-bit
CDS archive(s) mapped at: [0x0000000800000000-0x0000000800b50000-0x0000000800b50000), size 11862016, SharedBaseAddress: 0x0000000800000000, ArchiveRelocationMode: 0.
Compressed class space mapped at: 0x0000000800b50000-0x0000000840b50000, size: 1073741824
Narrow klass base: 0x0000000800000000, Narrow klass shift: 3, Narrow klass range: 0x100000000

GC Precious Log:
 CPUs: 4 total, 4 available
 Memory: 8113M
 Large Page Support: Disabled
 NUMA Support: Disabled
 Compressed Oops: Enabled (32-bit)
 Heap Region Size: 1M
 Heap Min Capacity: 8M
 Heap Initial Capacity: 128M
 Heap Max Capacity: 2030M
 Pre-touch: Disabled
 Parallel Workers: 4
 Concurrent Workers: 1
 Concurrent Refinement Workers: 4
 Periodic GC: Disabled

Heap:
 garbage-first heap   total 131072K, used 5641K [0x0000000081200000, 0x0000000100000000)
  region size 1024K, 4 young (4096K), 2 survivors (2048K)
 Metaspace       used 6055K, capacity 6782K, committed 7040K, reserved 1056768K
  class space    used 487K, capacity 579K, committed 640K, reserved 1048576K

Heap Regions: E=young(eden), S=young(survivor), O=old, HS=humongous(starts), HC=humongous(continues), CS=collection set, F=free, OA=open archive, CA=closed archive, TAMS=top-at-mark-start (previous, next)
|   0|0x0000000081200000, 0x0000000081200000, 0x0000000081300000|  0%| F|  |TAMS 0x0000000081200000, 0x0000000081200000| Untracked 
|   1|0x0000000081300000, 0x0000000081300000, 0x0000000081400000|  0%| F|  |TAMS 0x0000000081300000, 0x0000000081300000| Untracked 
|   2|0x0000000081400000, 0x0000000081400000, 0x0000000081500000|  0%| F|  |TAMS 0x0000000081400000, 0x0000000081400000| Untracked 
|   3|0x0000000081500000, 0x0000000081600000, 0x0000000081600000|100%| O|  |TAMS 0x0000000081500000, 0x0000000081500000| Untracked 
|   4|0x0000000081600000, 0x0000000081700000, 0x0000000081700000|100%| O|  |TAMS 0x0000000081600000, 0x0000000081600000| Untracked 
|   5|0x0000000081700000, 0x0000000081782400, 0x0000000081800000| 50%| O|  |TAMS 0x0000000081700000, 0x0000000081700000| Untracked 
|   6|0x0000000081800000, 0x0000000081800000, 0x0000000081900000|  0%| F|  |TAMS 0x0000000081800000, 0x0000000081800000| Untracked 
|   7|0x0000000081900000, 0x0000000081900000, 0x0000000081a00000|  0%| F|  |TAMS 0x0000000081900000, 0x0000000081900000| Untracked 
|   8|0x0000000081a00000, 0x0000000081a00000, 0x0000000081b00000|  0%| F|  |TAMS 0x0000000081a00000, 0x0000000081a00000| Untracked 
|   9|0x0000000081b00000, 0x0000000081b00000, 0x0000000081c00000|  0%| F|  |TAMS 0x0000000081b00000, 0x0000000081b00000| Untracked 
|  10|0x0000000081c00000, 0x0000000081c00000, 0x0000000081d00000|  0%| F|  |TAMS 0x0000000081c00000, 0x0000000081c00000| Untracked 
|  11|0x0000000081d00000, 0x0000000081d00000, 0x0000000081e00000|  0%| F|  |TAMS 0x0000000081d00000, 0x0000000081d00000| Untracked 
|  12|0x0000000081e00000, 0x0000000081e00000, 0x0000000081f00000|  0%| F|  |TAMS 0x0000000081e00000, 0x0000000081e00000| Untracked 
|  13|0x0000000081f00000, 0x0000000081f00000, 0x0000000082000000|  0%| F|  |TAMS 0x0000000081f00000, 0x0000000081f00000| Untracked 
|  14|0x0000000082000000, 0x0000000082000000, 0x0000000082100000|  0%| F|  |TAMS 0x0000000082000000, 0x0000000082000000| Untracked 
|  15|0x0000000082100000, 0x0000000082100000, 0x0000000082200000|  0%| F|  |TAMS 0x0000000082100000, 0x0000000082100000| Untracked 
|  16|0x0000000082200000, 0x0000000082200000, 0x0000000082300000|  0%| F|  |TAMS 0x0000000082200000, 0x0000000082200000| Untracked 
|  17|0x0000000082300000, 0x0000000082300000, 0x0000000082400000|  0%| F|  |TAMS 0x0000000082300000, 0x0000000082300000| Untracked 
|  18|0x0000000082400000, 0x0000000082400000, 0x0000000082500000|  0%| F|  |TAMS 0x0000000082400000, 0x0000000082400000| Untracked 
|  19|0x0000000082500000, 0x0000000082500000, 0x0000000082600000|  0%| F|  |TAMS 0x0000000082500000, 0x0000000082500000| Untracked 
|  20|0x0000000082600000, 0x0000000082600000, 0x0000000082700000|  0%| F|  |TAMS 0x0000000082600000, 0x0000000082600000| Untracked 
|  21|0x0000000082700000, 0x0000000082700000, 0x0000000082800000|  0%| F|  |TAMS 0x0000000082700000, 0x0000000082700000| Untracked 
|  22|0x0000000082800000, 0x0000000082800000, 0x0000000082900000|  0%| F|  |TAMS 0x0000000082800000, 0x0000000082800000| Untracked 
|  23|0x0000000082900000, 0x0000000082900000, 0x0000000082a00000|  0%| F|  |TAMS 0x0000000082900000, 0x0000000082900000| Untracked 
|  24|0x0000000082a00000, 0x0000000082a00000, 0x0000000082b00000|  0%| F|  |TAMS 0x0000000082a00000, 0x0000000082a00000| Untracked 
|  25|0x0000000082b00000, 0x0000000082b00000, 0x0000000082c00000|  0%| F|  |TAMS 0x0000000082b00000, 0x0000000082b00000| Untracked 
|  26|0x0000000082c00000, 0x0000000082c00000, 0x0000000082d00000|  0%| F|  |TAMS 0x0000000082c00000, 0x0000000082c00000| Untracked 
|  27|0x0000000082d00000, 0x0000000082d00000, 0x0000000082e00000|  0%| F|  |TAMS 0x0000000082d00000, 0x0000000082d00000| Untracked 
|  28|0x0000000082e00000, 0x0000000082e00000, 0x0000000082f00000|  0%| F|  |TAMS 0x0000000082e00000, 0x0000000082e00000| Untracked 
|  29|0x0000000082f00000, 0x0000000082f00000, 0x0000000083000000|  0%| F|  |TAMS 0x0000000082f00000, 0x0000000082f00000| Untracked 
|  30|0x0000000083000000, 0x0000000083000000, 0x0000000083100000|  0%| F|  |TAMS 0x0000000083000000, 0x0000000083000000| Untracked 
|  31|0x0000000083100000, 0x0000000083100000, 0x0000000083200000|  0%| F|  |TAMS 0x0000000083100000, 0x0000000083100000| Untracked 
|  32|0x0000000083200000, 0x0000000083200000, 0x0000000083300000|  0%| F|  |TAMS 0x0000000083200000, 0x0000000083200000| Untracked 
|  33|0x0000000083300000, 0x0000000083300000, 0x0000000083400000|  0%| F|  |TAMS 0x0000000083300000, 0x0000000083300000| Untracked 
|  34|0x0000000083400000, 0x0000000083400000, 0x0000000083500000|  0%| F|  |TAMS 0x0000000083400000, 0x0000000083400000| Untracked 
|  35|0x0000000083500000, 0x0000000083500000, 0x0000000083600000|  0%| F|  |TAMS 0x0000000083500000, 0x0000000083500000| Untracked 
|  36|0x0000000083600000, 0x0000000083600000, 0x0000000083700000|  0%| F|  |TAMS 0x0000000083600000, 0x0000000083600000| Untracked 
|  37|0x0000000083700000, 0x0000000083700000, 0x0000000083800000|  0%| F|  |TAMS 0x0000000083700000, 0x0000000083700000| Untracked 
|  38|0x0000000083800000, 0x0000000083800000, 0x0000000083900000|  0%| F|  |TAMS 0x0000000083800000, 0x0000000083800000| Untracked 
|  39|0x0000000083900000, 0x0000000083900000, 0x0000000083a00000|  0%| F|  |TAMS 0x0000000083900000, 0x0000000083900000| Untracked 
|  40|0x0000000083a00000, 0x0000000083a00000, 0x0000000083b00000|  0%| F|  |TAMS 0x0000000083a00000, 0x0000000083a00000| Untracked 
|  41|0x0000000083b00000, 0x0000000083b00000, 0x0000000083c00000|  0%| F|  |TAMS 0x0000000083b00000, 0x0000000083b00000| Untracked 
|  42|0x0000000083c00000, 0x0000000083c00000, 0x0000000083d00000|  0%| F|  |TAMS 0x0000000083c00000, 0x0000000083c00000| Untracked 
|  43|0x0000000083d00000, 0x0000000083d00000, 0x0000000083e00000|  0%| F|  |TAMS 0x0000000083d00000, 0x0000000083d00000| Untracked 
|  44|0x0000000083e00000, 0x0000000083e00000, 0x0000000083f00000|  0%| F|  |TAMS 0x0000000083e00000, 0x0000000083e00000| Untracked 
|  45|0x0000000083f00000, 0x0000000083f00000, 0x0000000084000000|  0%| F|  |TAMS 0x0000000083f00000, 0x0000000083f00000| Untracked 
|  46|0x0000000084000000, 0x0000000084000000, 0x0000000084100000|  0%| F|  |TAMS 0x0000000084000000, 0x0000000084000000| Untracked 
|  47|0x0000000084100000, 0x0000000084100000, 0x0000000084200000|  0%| F|  |TAMS 0x0000000084100000, 0x0000000084100000| Untracked 
|  48|0x0000000084200000, 0x0000000084200000, 0x0000000084300000|  0%| F|  |TAMS 0x0000000084200000, 0x0000000084200000| Untracked 
|  49|0x0000000084300000, 0x0000000084300000, 0x0000000084400000|  0%| F|  |TAMS 0x0000000084300000, 0x0000000084300000| Untracked 
|  50|0x0000000084400000, 0x0000000084400000, 0x0000000084500000|  0%| F|  |TAMS 0x0000000084400000, 0x0000000084400000| Untracked 
|  51|0x0000000084500000, 0x0000000084500000, 0x0000000084600000|  0%| F|  |TAMS 0x0000000084500000, 0x0000000084500000| Untracked 
|  52|0x0000000084600000, 0x0000000084600000, 0x0000000084700000|  0%| F|  |TAMS 0x0000000084600000, 0x0000000084600000| Untracked 
|  53|0x0000000084700000, 0x0000000084700000, 0x0000000084800000|  0%| F|  |TAMS 0x0000000084700000, 0x0000000084700000| Untracked 
|  54|0x0000000084800000, 0x0000000084800000, 0x0000000084900000|  0%| F|  |TAMS 0x0000000084800000, 0x0000000084800000| Untracked 
|  55|0x0000000084900000, 0x0000000084900000, 0x0000000084a00000|  0%| F|  |TAMS 0x0000000084900000, 0x0000000084900000| Untracked 
|  56|0x0000000084a00000, 0x0000000084a00000, 0x0000000084b00000|  0%| F|  |TAMS 0x0000000084a00000, 0x0000000084a00000| Untracked 
|  57|0x0000000084b00000, 0x0000000084b00000, 0x0000000084c00000|  0%| F|  |TAMS 0x0000000084b00000, 0x0000000084b00000| Untracked 
|  58|0x0000000084c00000, 0x0000000084c00000, 0x0000000084d00000|  0%| F|  |TAMS 0x0000000084c00000, 0x0000000084c00000| Untracked 
|  59|0x0000000084d00000, 0x0000000084d00000, 0x0000000084e00000|  0%| F|  |TAMS 0x0000000084d00000, 0x0000000084d00000| Untracked 
|  60|0x0000000084e00000, 0x0000000084e00000, 0x0000000084f00000|  0%| F|  |TAMS 0x0000000084e00000, 0x0000000084e00000| Untracked 
|  61|0x0000000084f00000, 0x0000000084f00000, 0x0000000085000000|  0%| F|  |TAMS 0x0000000084f00000, 0x0000000084f00000| Untracked 
|  62|0x0000000085000000, 0x0000000085000000, 0x0000000085100000|  0%| F|  |TAMS 0x0000000085000000, 0x0000000085000000| Untracked 
|  63|0x0000000085100000, 0x0000000085100000, 0x0000000085200000|  0%| F|  |TAMS 0x0000000085100000, 0x0000000085100000| Untracked 
|  64|0x0000000085200000, 0x0000000085200000, 0x0000000085300000|  0%| F|  |TAMS 0x0000000085200000, 0x0000000085200000| Untracked 
|  65|0x0000000085300000, 0x0000000085300000, 0x0000000085400000|  0%| F|  |TAMS 0x0000000085300000, 0x0000000085300000| Untracked 
|  66|0x0000000085400000, 0x0000000085400000, 0x0000000085500000|  0%| F|  |TAMS 0x0000000085400000, 0x0000000085400000| Untracked 
|  67|0x0000000085500000, 0x0000000085500000, 0x0000000085600000|  0%| F|  |TAMS 0x0000000085500000, 0x0000000085500000| Untracked 
|  68|0x0000000085600000, 0x0000000085600000, 0x0000000085700000|  0%| F|  |TAMS 0x0000000085600000, 0x0000000085600000| Untracked 
|  69|0x0000000085700000, 0x0000000085700000, 0x0000000085800000|  0%| F|  |TAMS 0x0000000085700000, 0x0000000085700000| Untracked 
|  70|0x0000000085800000, 0x0000000085800000, 0x0000000085900000|  0%| F|  |TAMS 0x0000000085800000, 0x0000000085800000| Untracked 
|  71|0x0000000085900000, 0x0000000085900000, 0x0000000085a00000|  0%| F|  |TAMS 0x0000000085900000, 0x0000000085900000| Untracked 
|  72|0x0000000085a00000, 0x0000000085a00000, 0x0000000085b00000|  0%| F|  |TAMS 0x0000000085a00000, 0x0000000085a00000| Untracked 
|  73|0x0000000085b00000, 0x0000000085b00000, 0x0000000085c00000|  0%| F|  |TAMS 0x0000000085b00000, 0x0000000085b00000| Untracked 
|  74|0x0000000085c00000, 0x0000000085c00000, 0x0000000085d00000|  0%| F|  |TAMS 0x0000000085c00000, 0x0000000085c00000| Untracked 
|  75|0x0000000085d00000, 0x0000000085d00000, 0x0000000085e00000|  0%| F|  |TAMS 0x0000000085d00000, 0x0000000085d00000| Untracked 
|  76|0x0000000085e00000, 0x0000000085e00000, 0x0000000085f00000|  0%| F|  |TAMS 0x0000000085e00000, 0x0000000085e00000| Untracked 
|  77|0x0000000085f00000, 0x0000000085f00000, 0x0000000086000000|  0%| F|  |TAMS 0x0000000085f00000, 0x0000000085f00000| Untracked 
|  78|0x0000000086000000, 0x0000000086000000, 0x0000000086100000|  0%| F|  |TAMS 0x0000000086000000, 0x0000000086000000| Untracked 
|  79|0x0000000086100000, 0x0000000086100000, 0x0000000086200000|  0%| F|  |TAMS 0x0000000086100000, 0x0000000086100000| Untracked 
|  80|0x0000000086200000, 0x0000000086200000, 0x0000000086300000|  0%| F|  |TAMS 0x0000000086200000, 0x0000000086200000| Untracked 
|  81|0x0000000086300000, 0x0000000086300000, 0x0000000086400000|  0%| F|  |TAMS 0x0000000086300000, 0x0000000086300000| Untracked 
|  82|0x0000000086400000, 0x0000000086400000, 0x0000000086500000|  0%| F|  |TAMS 0x0000000086400000, 0x0000000086400000| Untracked 
|  83|0x0000000086500000, 0x0000000086500000, 0x0000000086600000|  0%| F|  |TAMS 0x0000000086500000, 0x0000000086500000| Untracked 
|  84|0x0000000086600000, 0x0000000086600000, 0x0000000086700000|  0%| F|  |TAMS 0x0000000086600000, 0x0000000086600000| Untracked 
|  85|0x0000000086700000, 0x0000000086700000, 0x0000000086800000|  0%| F|  |TAMS 0x0000000086700000, 0x0000000086700000| Untracked 
|  86|0x0000000086800000, 0x0000000086800000, 0x0000000086900000|  0%| F|  |TAMS 0x0000000086800000, 0x0000000086800000| Untracked 
|  87|0x0000000086900000, 0x0000000086900000, 0x0000000086a00000|  0%| F|  |TAMS 0x0000000086900000, 0x0000000086900000| Untracked 
|  88|0x0000000086a00000, 0x0000000086a00000, 0x0000000086b00000|  0%| F|  |TAMS 0x0000000086a00000, 0x0000000086a00000| Untracked 
|  89|0x0000000086b00000, 0x0000000086b00000, 0x0000000086c00000|  0%| F|  |TAMS 0x0000000086b00000, 0x0000000086b00000| Untracked 
|  90|0x0000000086c00000, 0x0000000086c00000, 0x0000000086d00000|  0%| F|  |TAMS 0x0000000086c00000, 0x0000000086c00000| Untracked 
|  91|0x0000000086d00000, 0x0000000086d00000, 0x0000000086e00000|  0%| F|  |TAMS 0x0000000086d00000, 0x0000000086d00000| Untracked 
|  92|0x0000000086e00000, 0x0000000086e00000, 0x0000000086f00000|  0%| F|  |TAMS 0x0000000086e00000, 0x0000000086e00000| Untracked 
|  93|0x0000000086f00000, 0x0000000086f00000, 0x0000000087000000|  0%| F|  |TAMS 0x0000000086f00000, 0x0000000086f00000| Untracked 
|  94|0x0000000087000000, 0x0000000087000000, 0x0000000087100000|  0%| F|  |TAMS 0x0000000087000000, 0x0000000087000000| Untracked 
|  95|0x0000000087100000, 0x0000000087100000, 0x0000000087200000|  0%| F|  |TAMS 0x0000000087100000, 0x0000000087100000| Untracked 
|  96|0x0000000087200000, 0x0000000087200000, 0x0000000087300000|  0%| F|  |TAMS 0x0000000087200000, 0x0000000087200000| Untracked 
|  97|0x0000000087300000, 0x0000000087300000, 0x0000000087400000|  0%| F|  |TAMS 0x0000000087300000, 0x0000000087300000| Untracked 
|  98|0x0000000087400000, 0x0000000087400000, 0x0000000087500000|  0%| F|  |TAMS 0x0000000087400000, 0x0000000087400000| Untracked 
|  99|0x0000000087500000, 0x0000000087500000, 0x0000000087600000|  0%| F|  |TAMS 0x0000000087500000, 0x0000000087500000| Untracked 
| 100|0x0000000087600000, 0x0000000087600000, 0x0000000087700000|  0%| F|  |TAMS 0x0000000087600000, 0x0000000087600000| Untracked 
| 101|0x0000000087700000, 0x0000000087700000, 0x0000000087800000|  0%| F|  |TAMS 0x0000000087700000, 0x0000000087700000| Untracked 
| 102|0x0000000087800000, 0x0000000087800000, 0x0000000087900000|  0%| F|  |TAMS 0x0000000087800000, 0x0000000087800000| Untracked 
| 103|0x0000000087900000, 0x0000000087900000, 0x0000000087a00000|  0%| F|  |TAMS 0x0000000087900000, 0x0000000087900000| Untracked 
| 104|0x0000000087a00000, 0x0000000087a00000, 0x0000000087b00000|  0%| F|  |TAMS 0x0000000087a00000, 0x0000000087a00000| Untracked 
| 105|0x0000000087b00000, 0x0000000087b00000, 0x0000000087c00000|  0%| F|  |TAMS 0x0000000087b00000, 0x0000000087b00000| Untracked 
| 106|0x0000000087c00000, 0x0000000087c00000, 0x0000000087d00000|  0%| F|  |TAMS 0x0000000087c00000, 0x0000000087c00000| Untracked 
| 107|0x0000000087d00000, 0x0000000087d00000, 0x0000000087e00000|  0%| F|  |TAMS 0x0000000087d00000, 0x0000000087d00000| Untracked 
| 108|0x0000000087e00000, 0x0000000087e00000, 0x0000000087f00000|  0%| F|  |TAMS 0x0000000087e00000, 0x0000000087e00000| Untracked 
| 109|0x0000000087f00000, 0x0000000087f00000, 0x0000000088000000|  0%| F|  |TAMS 0x0000000087f00000, 0x0000000087f00000| Untracked 
| 110|0x0000000088000000, 0x0000000088000000, 0x0000000088100000|  0%| F|  |TAMS 0x0000000088000000, 0x0000000088000000| Untracked 
| 111|0x0000000088100000, 0x0000000088100000, 0x0000000088200000|  0%| F|  |TAMS 0x0000000088100000, 0x0000000088100000| Untracked 
| 112|0x0000000088200000, 0x0000000088200000, 0x0000000088300000|  0%| F|  |TAMS 0x0000000088200000, 0x0000000088200000| Untracked 
| 113|0x0000000088300000, 0x0000000088400000, 0x0000000088400000|100%| S|CS|TAMS 0x0000000088300000, 0x0000000088300000| Complete 
| 114|0x0000000088400000, 0x0000000088500000, 0x0000000088500000|100%| S|CS|TAMS 0x0000000088400000, 0x0000000088400000| Complete 
| 115|0x0000000088500000, 0x0000000088500000, 0x0000000088600000|  0%| F|  |TAMS 0x0000000088500000, 0x0000000088500000| Untracked 
| 116|0x0000000088600000, 0x0000000088600000, 0x0000000088700000|  0%| F|  |TAMS 0x0000000088600000, 0x0000000088600000| Untracked 
| 117|0x0000000088700000, 0x0000000088700000, 0x0000000088800000|  0%| F|  |TAMS 0x0000000088700000, 0x0000000088700000| Untracked 
| 118|0x0000000088800000, 0x0000000088800000, 0x0000000088900000|  0%| F|  |TAMS 0x0000000088800000, 0x0000000088800000| Untracked 
| 119|0x0000000088900000, 0x0000000088900000, 0x0000000088a00000|  0%| F|  |TAMS 0x0000000088900000, 0x0000000088900000| Untracked 
| 120|0x0000000088a00000, 0x0000000088a00000, 0x0000000088b00000|  0%| F|  |TAMS 0x0000000088a00000, 0x0000000088a00000| Untracked 
| 121|0x0000000088b00000, 0x0000000088b00000, 0x0000000088c00000|  0%| F|  |TAMS 0x0000000088b00000, 0x0000000088b00000| Untracked 
| 122|0x0000000088c00000, 0x0000000088c00000, 0x0000000088d00000|  0%| F|  |TAMS 0x0000000088c00000, 0x0000000088c00000| Untracked 
| 123|0x0000000088d00000, 0x0000000088d00000, 0x0000000088e00000|  0%| F|  |TAMS 0x0000000088d00000, 0x0000000088d00000| Untracked 
| 124|0x0000000088e00000, 0x0000000088e00000, 0x0000000088f00000|  0%| F|  |TAMS 0x0000000088e00000, 0x0000000088e00000| Untracked 
| 125|0x0000000088f00000, 0x0000000088f00000, 0x0000000089000000|  0%| F|  |TAMS 0x0000000088f00000, 0x0000000088f00000| Untracked 
| 126|0x0000000089000000, 0x000000008907b640, 0x0000000089100000| 48%| E|  |TAMS 0x0000000089000000, 0x0000000089000000| Complete 
| 127|0x0000000089100000, 0x0000000089200000, 0x0000000089200000|100%| E|CS|TAMS 0x0000000089100000, 0x0000000089100000| Complete 

Card table byte_map: [0x000001a7bf8b0000,0x000001a7bfcb0000] _byte_map_base: 0x000001a7bf4a7000

Marking Bits (Prev, Next): (CMBitMap*) 0x000001a7a82b1f40, (CMBitMap*) 0x000001a7a82b1f80
 Prev Bits: [0x000001a7c00b0000, 0x000001a7c2068000)
 Next Bits: [0x000001a7c2070000, 0x000001a7c4028000)

Polling page: 0x000001a7a7a50000

Metaspace:

Usage:
  Non-class:      6.06 MB capacity,     5.44 MB ( 90%) used,   629.76 KB ( 10%) free+waste,     5.81 KB ( <1%) overhead. 
      Class:    579.00 KB capacity,   487.82 KB ( 84%) used,    88.93 KB ( 15%) free+waste,     2.25 KB ( <1%) overhead. 
       Both:      6.62 MB capacity,     5.91 MB ( 89%) used,   718.69 KB ( 11%) free+waste,     8.06 KB ( <1%) overhead. 

Virtual space:
  Non-class space:        8.00 MB reserved,       6.25 MB ( 78%) committed 
      Class space:        1.00 GB reserved,     640.00 KB ( <1%) committed 
             Both:        1.01 GB reserved,       6.88 MB ( <1%) committed 

Chunk freelists:
   Non-Class:  69.00 KB
       Class:  0 bytes
        Both:  69.00 KB

MaxMetaspaceSize: 17179869184.00 GB
CompressedClassSpaceSize: 1.00 GB

CodeHeap 'non-profiled nmethods': size=120000Kb used=310Kb max_used=310Kb free=119689Kb
 bounds [0x000001a7b7f80000, 0x000001a7b81f0000, 0x000001a7bf4b0000]
CodeHeap 'profiled nmethods': size=120000Kb used=1797Kb max_used=1797Kb free=118202Kb
 bounds [0x000001a7b0a50000, 0x000001a7b0cc0000, 0x000001a7b7f80000]
CodeHeap 'non-nmethods': size=5760Kb used=1263Kb max_used=1278Kb free=4496Kb
 bounds [0x000001a7b04b0000, 0x000001a7b0720000, 0x000001a7b0a50000]
 total_blobs=1557 nmethods=1008 adapters=462
 compilation: enabled
              stopped_count=0, restarted_count=0
 full_count=0

Compilation events (20 events):
Event: 1.599 Thread 0x000001a7c656c710  992       3       jdk.internal.math.FloatingDecimal::parseFloat (10 bytes)
Event: 1.599 Thread 0x000001a7c656c710 nmethod 992 0x000001a7b0c0c490 code [0x000001a7b0c0c640, 0x000001a7b0c0c818]
Event: 1.599 Thread 0x000001a7c656c710  994       3       jdk.internal.math.FloatingDecimal$ASCIIToBinaryBuffer::<init> (26 bytes)
Event: 1.599 Thread 0x000001a7c656c710 nmethod 994 0x000001a7b0c0c910 code [0x000001a7b0c0caa0, 0x000001a7b0c0cc58]
Event: 1.599 Thread 0x000001a7c656c710  995       1       jdk.internal.math.FloatingDecimal$PreparedASCIIToBinaryBuffer::floatValue (5 bytes)
Event: 1.599 Thread 0x000001a7c656c710 nmethod 995 0x000001a7b7fccd10 code [0x000001a7b7fccea0, 0x000001a7b7fccf58]
Event: 1.599 Thread 0x000001a7c650cd10 1002       4       jdk.internal.org.objectweb.asm.ByteVector::putUTF8 (144 bytes)
Event: 1.600 Thread 0x000001a7c656c710 1003       3       jdk.internal.org.objectweb.asm.ByteVector::putInt (74 bytes)
Event: 1.600 Thread 0x000001a7c656c710 nmethod 1003 0x000001a7b0c0cd10 code [0x000001a7b0c0cec0, 0x000001a7b0c0d108]
Event: 1.604 Thread 0x000001a7c656c710 1004   !   3       java.util.zip.ZipFile::getInputStream (275 bytes)
Event: 1.605 Thread 0x000001a7c656c710 nmethod 1004 0x000001a7b0c0d290 code [0x000001a7b0c0d560, 0x000001a7b0c0e6a8]
Event: 1.605 Thread 0x000001a7c656c710 1005       3       java.util.zip.ZipFile$ZipFileInputStream::<init> (96 bytes)
Event: 1.606 Thread 0x000001a7c650cd10 nmethod 1002 0x000001a7b7fcd010 code [0x000001a7b7fcd1c0, 0x000001a7b7fcd558]
Event: 1.606 Thread 0x000001a7c656c710 nmethod 1005 0x000001a7b0c0f190 code [0x000001a7b0c0f3c0, 0x000001a7b0c0fe08]
Event: 1.606 Thread 0x000001a7c656c710 1006       3       java.util.zip.InflaterInputStream::<init> (79 bytes)
Event: 1.607 Thread 0x000001a7c656c710 nmethod 1006 0x000001a7b0c10290 code [0x000001a7b0c10480, 0x000001a7b0c10cb8]
Event: 1.607 Thread 0x000001a7c656c710 1007       3       java.util.zip.ZipCoder$UTF8ZipCoder::hasTrailingSlash (20 bytes)
Event: 1.607 Thread 0x000001a7c656c710 nmethod 1007 0x000001a7b0c10e90 code [0x000001a7b0c11020, 0x000001a7b0c111d8]
Event: 1.618 Thread 0x000001a7c656c710 1008       3       sun.net.www.protocol.jar.Handler::checkNestedProtocol (18 bytes)
Event: 1.618 Thread 0x000001a7c656c710 nmethod 1008 0x000001a7b0c11290 code [0x000001a7b0c11440, 0x000001a7b0c11608]

GC Heap History (2 events):
Event: 1.542 GC heap before
{Heap before GC invocations=0 (full 0):
 garbage-first heap   total 131072K, used 16384K [0x0000000081200000, 0x0000000100000000)
  region size 1024K, 13 young (13312K), 0 survivors (0K)
 Metaspace       used 5866K, capacity 6654K, committed 6784K, reserved 1056768K
  class space    used 474K, capacity 579K, committed 640K, reserved 1048576K
}
Event: 1.549 GC heap after
{Heap after GC invocations=1 (full 0):
 garbage-first heap   total 131072K, used 4617K [0x0000000081200000, 0x0000000100000000)
  region size 1024K, 2 young (2048K), 2 survivors (2048K)
 Metaspace       used 5866K, capacity 6654K, committed 6784K, reserved 1056768K
  class space    used 474K, capacity 579K, committed 640K, reserved 1048576K
}

Deoptimization events (20 events):
Event: 1.385 Thread 0x000001a7a8272210 DEOPT PACKING pc=0x000001a7b0b22cd3 sp=0x00000059f02fe620
Event: 1.385 Thread 0x000001a7a8272210 DEOPT UNPACKING pc=0x000001a7b04fe23f sp=0x00000059f02fda98 mode 0
Event: 1.385 Thread 0x000001a7a8272210 DEOPT PACKING pc=0x000001a7b0b22cd3 sp=0x00000059f02fe620
Event: 1.385 Thread 0x000001a7a8272210 DEOPT UNPACKING pc=0x000001a7b04fe23f sp=0x00000059f02fda98 mode 0
Event: 1.385 Thread 0x000001a7a8272210 DEOPT PACKING pc=0x000001a7b0b22cd3 sp=0x00000059f02fe620
Event: 1.385 Thread 0x000001a7a8272210 DEOPT UNPACKING pc=0x000001a7b04fe23f sp=0x00000059f02fda98 mode 0
Event: 1.385 Thread 0x000001a7a8272210 DEOPT PACKING pc=0x000001a7b0b22cd3 sp=0x00000059f02fe620
Event: 1.385 Thread 0x000001a7a8272210 DEOPT UNPACKING pc=0x000001a7b04fe23f sp=0x00000059f02fda98 mode 0
Event: 1.386 Thread 0x000001a7a8272210 DEOPT PACKING pc=0x000001a7b0b22cd3 sp=0x00000059f02fe620
Event: 1.386 Thread 0x000001a7a8272210 DEOPT UNPACKING pc=0x000001a7b04fe23f sp=0x00000059f02fda98 mode 0
Event: 1.386 Thread 0x000001a7a8272210 DEOPT PACKING pc=0x000001a7b0b22cd3 sp=0x00000059f02fe620
Event: 1.386 Thread 0x000001a7a8272210 DEOPT UNPACKING pc=0x000001a7b04fe23f sp=0x00000059f02fda98 mode 0
Event: 1.387 Thread 0x000001a7a8272210 DEOPT PACKING pc=0x000001a7b0b22cd3 sp=0x00000059f02fe620
Event: 1.387 Thread 0x000001a7a8272210 DEOPT UNPACKING pc=0x000001a7b04fe23f sp=0x00000059f02fda98 mode 0
Event: 1.387 Thread 0x000001a7a8272210 DEOPT PACKING pc=0x000001a7b0b22cd3 sp=0x00000059f02fe620
Event: 1.387 Thread 0x000001a7a8272210 DEOPT UNPACKING pc=0x000001a7b04fe23f sp=0x00000059f02fda98 mode 0
Event: 1.388 Thread 0x000001a7a8272210 DEOPT PACKING pc=0x000001a7b0b22cd3 sp=0x00000059f02fe620
Event: 1.388 Thread 0x000001a7a8272210 DEOPT UNPACKING pc=0x000001a7b04fe23f sp=0x00000059f02fda98 mode 0
Event: 1.388 Thread 0x000001a7a8272210 DEOPT PACKING pc=0x000001a7b0b22cd3 sp=0x00000059f02fe620
Event: 1.388 Thread 0x000001a7a8272210 DEOPT UNPACKING pc=0x000001a7b04fe23f sp=0x00000059f02fda98 mode 0

Classes unloaded (0 events):
No events

Classes redefined (0 events):
No events

Internal exceptions (4 events):
Event: 0.260 Thread 0x000001a7c6fc6cc0 Exception <a 'java/lang/NoSuchMethodError'{0x0000000088f08948}: 'java.lang.Object java.lang.invoke.DirectMethodHandle$Holder.invokeStatic(java.lang.Object)'> (0x0000000088f08948) 
thrown [./open/src/hotspot/share/interpreter/linkResolver.cpp, line 782]
Event: 0.261 Thread 0x000001a7c6fc6cc0 Exception <a 'java/lang/NoSuchMethodError'{0x0000000088f0c258}: 'java.lang.Object java.lang.invoke.DirectMethodHandle$Holder.invokeStaticInit(java.lang.Object)'> (0x0000000088f0c258) 
thrown [./open/src/hotspot/share/interpreter/linkResolver.cpp, line 782]
Event: 0.269 Thread 0x000001a7c6fc6cc0 Exception <a 'java/lang/NoSuchMethodError'{0x0000000088f195d0}: 'void java.lang.invoke.DirectMethodHandle$Holder.invokeStatic(java.lang.Object, java.lang.Object)'> (0x0000000088f195d0) 
thrown [./open/src/hotspot/share/interpreter/linkResolver.cpp, line 782]
Event: 1.305 Thread 0x000001a7a8272210 Exception <a 'java/lang/NoSuchMethodError'{0x0000000088754be8}: 'void java.lang.invoke.DirectMethodHandle$Holder.invokeSpecial(java.lang.Object, java.lang.Object, java.lang.Object)'> (0x0000000088754be8) 
thrown [./open/src/hotspot/share/interpreter/linkResolver.cpp, line 782]

Events (20 events):
Event: 1.365 loading class org/w3c/dom/CharacterData
Event: 1.365 loading class org/w3c/dom/CharacterData done
Event: 1.365 loading class org/w3c/dom/Text
Event: 1.365 loading class org/w3c/dom/Text done
Event: 1.365 loading class com/sun/org/apache/xerces/internal/dom/CharacterDataImpl
Event: 1.365 loading class com/sun/org/apache/xerces/internal/dom/CharacterDataImpl done
Event: 1.365 loading class com/sun/org/apache/xerces/internal/dom/TextImpl done
Event: 1.365 loading class com/sun/org/apache/xerces/internal/dom/DeferredTextImpl done
Event: 1.366 loading class com/sun/org/apache/xerces/internal/dom/CharacterDataImpl$1
Event: 1.366 loading class com/sun/org/apache/xerces/internal/dom/CharacterDataImpl$1 done
Event: 1.500 loading class java/util/zip/GZIPInputStream
Event: 1.500 loading class java/util/zip/GZIPInputStream done
Event: 1.542 Executing VM operation: G1CollectForAllocation
Event: 1.549 Executing VM operation: G1CollectForAllocation done
Event: 1.549 Executing VM operation: HandshakeAllThreads
Event: 1.550 Executing VM operation: HandshakeAllThreads done
Event: 1.576 loading class jdk/internal/math/FloatingDecimal$ASCIIToBinaryBuffer
Event: 1.576 loading class jdk/internal/math/FloatingDecimal$ASCIIToBinaryBuffer done
Event: 1.599 loading class java/lang/ClassFormatError
Event: 1.599 loading class java/lang/ClassFormatError done


Dynamic libraries:
0x00007ff72ad80000 - 0x00007ff72ad8f000 	C:\Program Files\Java\jdk-15.0.1\bin\java.exe
0x00007ffd6b510000 - 0x00007ffd6b706000 	C:\windows\SYSTEM32\ntdll.dll
0x00007ffd69d30000 - 0x00007ffd69ded000 	C:\windows\System32\KERNEL32.DLL
0x00007ffd68e30000 - 0x00007ffd690f9000 	C:\windows\System32\KERNELBASE.dll
0x00007ffd69470000 - 0x00007ffd69570000 	C:\windows\System32\ucrtbase.dll
0x00007ffd57f80000 - 0x00007ffd57f99000 	C:\Program Files\Java\jdk-15.0.1\bin\VCRUNTIME140.dll
0x00007ffd57190000 - 0x00007ffd571a8000 	C:\Program Files\Java\jdk-15.0.1\bin\jli.dll
0x00007ffd6a0b0000 - 0x00007ffd6a15c000 	C:\windows\System32\ADVAPI32.dll
0x00007ffd69c90000 - 0x00007ffd69d2e000 	C:\windows\System32\msvcrt.dll
0x00007ffd6a8b0000 - 0x00007ffd6a94c000 	C:\windows\System32\sechost.dll
0x00007ffd6ac20000 - 0x00007ffd6ad4b000 	C:\windows\System32\RPCRT4.dll
0x00007ffd6ad50000 - 0x00007ffd6aef0000 	C:\windows\System32\USER32.dll
0x00007ffd68da0000 - 0x00007ffd68dc2000 	C:\windows\System32\win32u.dll
0x00007ffd6b0d0000 - 0x00007ffd6b0fa000 	C:\windows\System32\GDI32.dll
0x00007ffd69100000 - 0x00007ffd6920b000 	C:\windows\System32\gdi32full.dll
0x00007ffd68d00000 - 0x00007ffd68d9d000 	C:\windows\System32\msvcp_win.dll
0x00007ffd569b0000 - 0x00007ffd56c4b000 	C:\windows\WinSxS\amd64_microsoft.windows.common-controls_6595b64144ccf1df_6.0.19041.746_none_ca02b4b61b8320a4\COMCTL32.dll
0x00007ffd5b700000 - 0x00007ffd5b70a000 	C:\windows\SYSTEM32\VERSION.dll
0x00007ffd6a950000 - 0x00007ffd6a980000 	C:\windows\System32\IMM32.DLL
0x00007ffd60e10000 - 0x00007ffd60e1c000 	C:\Program Files\Java\jdk-15.0.1\bin\vcruntime140_1.dll
0x00007ffd3a5d0000 - 0x00007ffd3a661000 	C:\Program Files\Java\jdk-15.0.1\bin\msvcp140.dll
0x00007ffcfcf80000 - 0x00007ffcfdade000 	C:\Program Files\Java\jdk-15.0.1\bin\server\jvm.dll
0x00007ffd6b4c0000 - 0x00007ffd6b4c8000 	C:\windows\System32\PSAPI.DLL
0x00007ffd59250000 - 0x00007ffd59259000 	C:\windows\SYSTEM32\WSOCK32.dll
0x00007ffd6a040000 - 0x00007ffd6a0ab000 	C:\windows\System32\WS2_32.dll
0x00007ffd55790000 - 0x00007ffd557b7000 	C:\windows\SYSTEM32\WINMM.dll
0x00007ffd66b80000 - 0x00007ffd66b92000 	C:\windows\SYSTEM32\kernel.appcore.dll
0x00007ffd60d00000 - 0x00007ffd60d0a000 	C:\Program Files\Java\jdk-15.0.1\bin\jimage.dll
0x00007ffd63a50000 - 0x00007ffd63c34000 	C:\windows\SYSTEM32\DBGHELP.DLL
0x00007ffd4dd70000 - 0x00007ffd4dd9c000 	C:\windows\SYSTEM32\dbgcore.DLL
0x00007ffd693f0000 - 0x00007ffd69470000 	C:\windows\System32\bcryptPrimitives.dll
0x00007ffd59670000 - 0x00007ffd5967e000 	C:\Program Files\Java\jdk-15.0.1\bin\instrument.dll
0x00007ffd53500000 - 0x00007ffd53525000 	C:\Program Files\Java\jdk-15.0.1\bin\java.dll
0x00007ffd6a160000 - 0x00007ffd6a8a2000 	C:\windows\System32\SHELL32.dll
0x00007ffd66da0000 - 0x00007ffd67530000 	C:\windows\SYSTEM32\windows.storage.dll
0x00007ffd6b160000 - 0x00007ffd6b4b6000 	C:\windows\System32\combase.dll
0x00007ffd68640000 - 0x00007ffd6866c000 	C:\windows\SYSTEM32\Wldp.dll
0x00007ffd69f90000 - 0x00007ffd6a03e000 	C:\windows\System32\SHCORE.dll
0x00007ffd6aab0000 - 0x00007ffd6ab05000 	C:\windows\System32\shlwapi.dll
0x00007ffd68b80000 - 0x00007ffd68ba6000 	C:\windows\SYSTEM32\profapi.dll
0x00007ffd481a0000 - 0x00007ffd481b8000 	C:\Program Files\Java\jdk-15.0.1\bin\zip.dll
0x00007ffd4a6b0000 - 0x00007ffd4a6c9000 	C:\Program Files\Java\jdk-15.0.1\bin\net.dll
0x00007ffd63650000 - 0x00007ffd63750000 	C:\windows\SYSTEM32\WINHTTP.dll
0x00007ffd68360000 - 0x00007ffd683ca000 	C:\windows\system32\mswsock.dll
0x00007ffd4a690000 - 0x00007ffd4a6a2000 	C:\Program Files\Java\jdk-15.0.1\bin\nio.dll
0x00007ffd45ee0000 - 0x00007ffd45efa000 	C:\Program Files\JetBrains\IntelliJ IDEA 2020.3.2\bin\breakgen64.dll
0x00007ffd568d0000 - 0x00007ffd568e0000 	C:\Program Files\Java\jdk-15.0.1\bin\verify.dll
0x0000000180000000 - 0x0000000180053000 	C:\Users\Bulut\Desktop\Projekt Spieleentwickung\windows\lwjgl64.dll
0x00007ffd31830000 - 0x00007ffd31955000 	C:\windows\SYSTEM32\OPENGL32.dll
0x00007ffd483f0000 - 0x00007ffd4841c000 	C:\windows\SYSTEM32\GLU32.dll
0x00007ffd62bd0000 - 0x00007ffd62c7e000 	C:\windows\SYSTEM32\mscms.dll
0x00007ffd68b40000 - 0x00007ffd68b6e000 	C:\windows\SYSTEM32\USERENV.dll
0x00007ffd62b80000 - 0x00007ffd62b91000 	C:\windows\SYSTEM32\ColorAdapterClient.dll
0x00007ffd69bc0000 - 0x00007ffd69c8d000 	C:\windows\System32\OLEAUT32.dll
0x00007ffd6ab70000 - 0x00007ffd6ac19000 	C:\windows\System32\clbcatq.dll
0x00007ffd5f790000 - 0x00007ffd5f7d3000 	C:\Windows\System32\Windows.Internal.Graphics.Display.DisplayColorManagement.dll
0x00007ffd69240000 - 0x00007ffd6928e000 	C:\windows\System32\cfgmgr32.dll
0x00007ffd666c0000 - 0x00007ffd6675e000 	C:\windows\system32\uxtheme.dll
0x00007ffd69e70000 - 0x00007ffd69f85000 	C:\windows\System32\MSCTF.dll
0x00007ffd602d0000 - 0x00007ffd603cb000 	C:\Windows\System32\AppXDeploymentClient.dll
0x00007ffcfc090000 - 0x00007ffcfcf7e000 	C:\WINDOWS\System32\DriverStore\FileRepository\64gh6293.inf_amd64_22fd8f9659edd17f\ig9icd64.dll
0x00007ffd67590000 - 0x00007ffd67683000 	C:\windows\SYSTEM32\dxgi.dll
0x00007ffd66890000 - 0x00007ffd668bf000 	C:\windows\SYSTEM32\dwmapi.dll
0x00007ffd5f750000 - 0x00007ffd5f78b000 	C:\windows\SYSTEM32\dxcore.dll
0x00007ffd57600000 - 0x00007ffd576fb000 	C:\windows\SYSTEM32\textinputframework.dll
0x00007ffd65e80000 - 0x00007ffd661de000 	C:\windows\System32\CoreUIComponents.dll
0x00007ffd661e0000 - 0x00007ffd662d2000 	C:\windows\System32\CoreMessaging.dll
0x00007ffd67990000 - 0x00007ffd679c3000 	C:\windows\SYSTEM32\ntmarta.dll
0x00007ffd657b0000 - 0x00007ffd65904000 	C:\windows\SYSTEM32\wintypes.dll
0x00007ffd5a4e0000 - 0x00007ffd5a546000 	C:\windows\system32\Oleacc.dll
0x00007ffd40740000 - 0x00007ffd40783000 	C:\windows\SYSTEM32\icm32.dll
0x00007ffd5c1a0000 - 0x00007ffd5e0a1000 	C:\WINDOWS\System32\DriverStore\FileRepository\64gh6293.inf_amd64_22fd8f9659edd17f\igc64.dll
0x00007ffd68a00000 - 0x00007ffd68a4b000 	C:\windows\SYSTEM32\powrprof.dll
0x00007ffd689e0000 - 0x00007ffd689f2000 	C:\windows\SYSTEM32\UMPDC.dll
0x00007ffd3a450000 - 0x00007ffd3a5d0000 	C:\Program Files\Java\jdk-15.0.1\bin\awt.dll
0x00007ffd664f0000 - 0x00007ffd66580000 	C:\windows\SYSTEM32\apphelp.dll
0x000001a7cef50000 - 0x000001a7cef66000 	C:\Users\Bulut\Desktop\Projekt Spieleentwickung\windows\jinput-dx8_64.dll
0x00007ffd3f460000 - 0x00007ffd3f4a5000 	C:\windows\SYSTEM32\DINPUT8.dll
0x00007ffd67530000 - 0x00007ffd6753d000 	C:\windows\SYSTEM32\HID.DLL
0x00007ffd574a0000 - 0x00007ffd575f2000 	C:\windows\SYSTEM32\inputhost.dll
0x00007ffd64860000 - 0x00007ffd64957000 	C:\windows\SYSTEM32\PROPSYS.dll
0x00007ffd69570000 - 0x00007ffd699d7000 	C:\windows\System32\SETUPAPI.DLL
0x00007ffd69210000 - 0x00007ffd69237000 	C:\windows\System32\bcrypt.dll
0x00007ffd68980000 - 0x00007ffd689ac000 	C:\windows\SYSTEM32\DEVOBJ.dll
0x00007ffd68dd0000 - 0x00007ffd68e30000 	C:\windows\System32\WINTRUST.dll
0x00007ffd69290000 - 0x00007ffd693e6000 	C:\windows\System32\CRYPT32.dll
0x00007ffd687c0000 - 0x00007ffd687d2000 	C:\windows\SYSTEM32\MSASN1.dll
0x000001a7cf0b0000 - 0x000001a7cf0c4000 	C:\Users\Bulut\Desktop\Projekt Spieleentwickung\windows\jinput-raw_64.dll
0x000001a7d0840000 - 0x000001a7d08a4000 	C:\Users\Bulut\Desktop\Projekt Spieleentwickung\windows\OpenAL64.dll
0x00007ffd6a980000 - 0x00007ffd6aaaa000 	C:\windows\System32\ole32.dll
0x00007ffd60f10000 - 0x00007ffd60f95000 	C:\windows\System32\MMDevApi.dll
0x00007ffd37020000 - 0x00007ffd370bc000 	C:\windows\SYSTEM32\dsound.dll
0x00007ffd4cf40000 - 0x00007ffd4cf66000 	C:\windows\SYSTEM32\winmmbase.dll
0x00007ffd61090000 - 0x00007ffd61215000 	C:\windows\SYSTEM32\AUDIOSES.DLL

dbghelp: loaded successfully - version: 4.0.5 - missing functions: none
symbol engine: initialized successfully - sym options: 0x614 - pdb path: .;C:\Program Files\Java\jdk-15.0.1\bin;C:\windows\SYSTEM32;C:\windows\WinSxS\amd64_microsoft.windows.common-controls_6595b64144ccf1df_6.0.19041.746_none_ca02b4b61b8320a4;C:\Program Files\Java\jdk-15.0.1\bin\server;C:\Program Files\JetBrains\IntelliJ IDEA 2020.3.2\bin;C:\Users\Bulut\Desktop\Projekt Spieleentwickung\windows;C:\WINDOWS\System32\DriverStore\FileRepository\64gh6293.inf_amd64_22fd8f9659edd17f

VM Arguments:
jvm_args: -Djava.library.path=C:\Users\Bulut\Desktop\Projekt Spieleentwickung\windows -javaagent:C:\Program Files\JetBrains\IntelliJ IDEA 2020.3.2\lib\idea_rt.jar=65440:C:\Program Files\JetBrains\IntelliJ IDEA 2020.3.2\bin -Dfile.encoding=UTF-8 
java_command: de.tgirobertosan.suiweed.Main
java_class_path (initial): C:\Users\Bulut\Desktop\Projekt Spieleentwickung\bin;C:\Users\Bulut\Desktop\Projekt Spieleentwickung\lib\ibxm.jar;C:\Users\Bulut\Desktop\Projekt Spieleentwickung\lib\jinput.jar;C:\Users\Bulut\Desktop\Projekt Spieleentwickung\lib\jnlp.jar;C:\Users\Bulut\Desktop\Projekt Spieleentwickung\lib\jogg-0.0.7.jar;C:\Users\Bulut\Desktop\Projekt Spieleentwickung\lib\jorbis-0.0.15.jar;C:\Users\Bulut\Desktop\Projekt Spieleentwickung\lib\lwjgl_util_applet.jar;C:\Users\Bulut\Desktop\Projekt Spieleentwickung\lib\lwjgl_util.jar;C:\Users\Bulut\Desktop\Projekt Spieleentwickung\lib\lwjgl.jar;C:\Users\Bulut\Desktop\Projekt Spieleentwickung\lib\natives-linux.jar;C:\Users\Bulut\Desktop\Projekt Spieleentwickung\lib\natives-mac.jar;C:\Users\Bulut\Desktop\Projekt Spieleentwickung\lib\natives-windows.jar;C:\Users\Bulut\Desktop\Projekt Spieleentwickung\lib\slick-examples.jar;C:\Users\Bulut\Desktop\Projekt Spieleentwickung\lib\slick.jar;C:\Users\Bulut\Desktop\Projekt Spieleentwickung\lib\tinylinepp.jar
Launcher Type: SUN_STANDARD

[Global flags]
     intx CICompilerCount                          = 3                                         {product} {ergonomic}
     uint ConcGCThreads                            = 1                                         {product} {ergonomic}
     uint G1ConcRefinementThreads                  = 4                                         {product} {ergonomic}
   size_t G1HeapRegionSize                         = 1048576                                   {product} {ergonomic}
    uintx GCDrainStackTargetSize                   = 64                                        {product} {ergonomic}
   size_t InitialHeapSize                          = 134217728                                 {product} {ergonomic}
   size_t MarkStackSize                            = 4194304                                   {product} {ergonomic}
   size_t MaxHeapSize                              = 2128609280                                {product} {ergonomic}
   size_t MaxNewSize                               = 1277165568                                {product} {ergonomic}
   size_t MinHeapDeltaBytes                        = 1048576                                   {product} {ergonomic}
   size_t MinHeapSize                              = 8388608                                   {product} {ergonomic}
    uintx NonNMethodCodeHeapSize                   = 5832780                                {pd product} {ergonomic}
    uintx NonProfiledCodeHeapSize                  = 122912730                              {pd product} {ergonomic}
    uintx ProfiledCodeHeapSize                     = 122912730                              {pd product} {ergonomic}
    uintx ReservedCodeCacheSize                    = 251658240                              {pd product} {ergonomic}
     bool SegmentedCodeCache                       = true                                      {product} {ergonomic}
   size_t SoftMaxHeapSize                          = 2128609280                             {manageable} {ergonomic}
     bool UseCompressedClassPointers               = true                                 {lp64_product} {ergonomic}
     bool UseCompressedOops                        = true                                 {lp64_product} {ergonomic}
     bool UseG1GC                                  = true                                      {product} {ergonomic}
     bool UseLargePagesIndividualAllocation        = false                                  {pd product} {ergonomic}

Logging:
Log output configuration:
 #0: stdout all=warning uptime,level,tags
 #1: stderr all=off uptime,level,tags

Environment Variables:
PATH=C:\Program Files (x86)\Microsoft\Edge\Application;C:\Program Files\Common Files\Oracle\Java\javapath;C:\windows\system32;C:\windows;C:\windows\System32\Wbem;C:\windows\System32\WindowsPowerShell\v1.0\;C:\windows\System32\OpenSSH\;C:\Users\Bulut\AppData\Local\Microsoft\WindowsApps;;C:\Users\Bulut\AppData\Local\Programs\Microsoft VS Code\bin
USERNAME=Bulut
OS=Windows_NT
PROCESSOR_IDENTIFIER=Intel64 Family 6 Model 78 Stepping 3, GenuineIntel



---------------  S Y S T E M  ---------------

OS:
 Windows 10 , 64 bit Build 19041 (10.0.19041.804)
OS uptime: 14 days 1:49 hours

CPU: total 4 (initial active 4) (2 cores per cpu, 2 threads per core) family 6 model 78 stepping 3 microcode 0xcc, cmov, cx8, fxsr, mmx, sse, sse2, sse3, ssse3, sse4.1, sse4.2, popcnt, vzeroupper, avx, avx2, aes, clmul, erms, rtm, 3dnowpref, lzcnt, ht, tsc, tscinvbit, bmi1, bmi2, adx, fma, clflush, clflushopt

Memory: 4k page, system-wide physical 8113M (2417M free)
TotalPageFile size 9393M (AvailPageFile size 2000M)
current process WorkingSet (physical memory assigned to process): 169M, peak: 197M
current process commit charge ("private bytes"): 288M, peak: 318M

vm_info: Java HotSpot(TM) 64-Bit Server VM (15.0.1+9-18) for windows-amd64 JRE (15.0.1+9-18), built on Sep 15 2020 14:43:54 by "mach5one" with unknown MS VC++:1925

END.
